2017-06-20 11:21:05 [main] INFO  Main:35 - Without Callback
2017-06-20 11:21:05 [main] INFO  ProducerConfig:180 - ProducerConfig values: 
	acks = 0
	batch.size = 16384
	block.on.buffer.full = false
	bootstrap.servers = [localhost:9092]
	buffer.memory = 33554432
	client.id = 
	compression.type = none
	connections.max.idle.ms = 540000
	interceptor.classes = null
	key.serializer = class org.apache.kafka.common.serialization.StringSerializer
	linger.ms = 1
	max.block.ms = 60000
	max.in.flight.requests.per.connection = 5
	max.request.size = 1048576
	metadata.fetch.timeout.ms = 60000
	metadata.max.age.ms = 300000
	metric.reporters = []
	metrics.num.samples = 2
	metrics.sample.window.ms = 30000
	partitioner.class = class org.apache.kafka.clients.producer.internals.DefaultPartitioner
	receive.buffer.bytes = 32768
	reconnect.backoff.ms = 50
	request.timeout.ms = 30000
	retries = 0
	retry.backoff.ms = 100
	sasl.jaas.config = null
	sasl.kerberos.kinit.cmd = /usr/bin/kinit
	sasl.kerberos.min.time.before.relogin = 60000
	sasl.kerberos.service.name = null
	sasl.kerberos.ticket.renew.jitter = 0.05
	sasl.kerberos.ticket.renew.window.factor = 0.8
	sasl.mechanism = GSSAPI
	security.protocol = PLAINTEXT
	send.buffer.bytes = 131072
	ssl.cipher.suites = null
	ssl.enabled.protocols = [TLSv1.2, TLSv1.1, TLSv1]
	ssl.endpoint.identification.algorithm = null
	ssl.key.password = null
	ssl.keymanager.algorithm = SunX509
	ssl.keystore.location = null
	ssl.keystore.password = null
	ssl.keystore.type = JKS
	ssl.protocol = TLS
	ssl.provider = null
	ssl.secure.random.implementation = null
	ssl.trustmanager.algorithm = PKIX
	ssl.truststore.location = null
	ssl.truststore.password = null
	ssl.truststore.type = JKS
	timeout.ms = 30000
	value.serializer = class org.apache.kafka.common.serialization.StringSerializer

2017-06-20 11:21:06 [main] INFO  AppInfoParser:83 - Kafka version : 0.10.2.1
2017-06-20 11:21:06 [main] INFO  AppInfoParser:84 - Kafka commitId : e89bffd6b2eff799
2017-06-20 11:21:06 [main] INFO  Main:38 - Sending message #0
2017-06-20 11:21:06 [main] INFO  Main:38 - Sending message #1
2017-06-20 11:21:06 [main] INFO  Main:38 - Sending message #2
2017-06-20 11:21:06 [main] INFO  Main:38 - Sending message #3
2017-06-20 11:21:06 [main] INFO  Main:38 - Sending message #4
2017-06-20 11:21:06 [main] INFO  Main:38 - Sending message #5
2017-06-20 11:21:06 [main] INFO  Main:38 - Sending message #6
2017-06-20 11:21:06 [main] INFO  Main:38 - Sending message #7
2017-06-20 11:21:06 [main] INFO  Main:38 - Sending message #8
2017-06-20 11:21:06 [main] INFO  Main:38 - Sending message #9
2017-06-20 11:21:06 [main] INFO  Main:38 - Sending message #10
2017-06-20 11:21:06 [main] INFO  Main:38 - Sending message #11
2017-06-20 11:21:06 [main] INFO  Main:38 - Sending message #12
2017-06-20 11:21:06 [main] INFO  Main:38 - Sending message #13
2017-06-20 11:21:06 [main] INFO  Main:38 - Sending message #14
2017-06-20 11:21:06 [main] INFO  Main:38 - Sending message #15
2017-06-20 11:21:06 [main] INFO  Main:38 - Sending message #16
2017-06-20 11:21:06 [main] INFO  Main:38 - Sending message #17
2017-06-20 11:21:06 [main] INFO  Main:38 - Sending message #18
2017-06-20 11:21:06 [main] INFO  Main:38 - Sending message #19
2017-06-20 11:21:06 [main] INFO  Main:38 - Sending message #20
2017-06-20 11:21:06 [main] INFO  Main:38 - Sending message #21
2017-06-20 11:21:06 [main] INFO  Main:38 - Sending message #22
2017-06-20 11:21:06 [main] INFO  Main:38 - Sending message #23
2017-06-20 11:21:06 [main] INFO  Main:38 - Sending message #24
2017-06-20 11:21:06 [main] INFO  Main:38 - Sending message #25
2017-06-20 11:21:06 [main] INFO  Main:38 - Sending message #26
2017-06-20 11:21:06 [main] INFO  Main:38 - Sending message #27
2017-06-20 11:21:06 [main] INFO  Main:38 - Sending message #28
2017-06-20 11:21:06 [main] INFO  Main:38 - Sending message #29
2017-06-20 11:21:06 [main] INFO  Main:38 - Sending message #30
2017-06-20 11:21:06 [main] INFO  Main:38 - Sending message #31
2017-06-20 11:21:06 [main] INFO  Main:38 - Sending message #32
2017-06-20 11:21:06 [main] INFO  Main:38 - Sending message #33
2017-06-20 11:21:06 [main] INFO  Main:38 - Sending message #34
2017-06-20 11:21:06 [main] INFO  Main:38 - Sending message #35
2017-06-20 11:21:06 [main] INFO  Main:38 - Sending message #36
2017-06-20 11:21:06 [main] INFO  Main:38 - Sending message #37
2017-06-20 11:21:06 [main] INFO  Main:38 - Sending message #38
2017-06-20 11:21:06 [main] INFO  Main:38 - Sending message #39
2017-06-20 11:21:06 [main] INFO  Main:38 - Sending message #40
2017-06-20 11:21:06 [main] INFO  Main:38 - Sending message #41
2017-06-20 11:21:06 [main] INFO  Main:38 - Sending message #42
2017-06-20 11:21:06 [main] INFO  Main:38 - Sending message #43
2017-06-20 11:21:06 [main] INFO  Main:38 - Sending message #44
2017-06-20 11:21:06 [main] INFO  Main:38 - Sending message #45
2017-06-20 11:21:06 [main] INFO  Main:38 - Sending message #46
2017-06-20 11:21:06 [main] INFO  Main:38 - Sending message #47
2017-06-20 11:21:06 [main] INFO  Main:38 - Sending message #48
2017-06-20 11:21:06 [main] INFO  Main:38 - Sending message #49
2017-06-20 11:21:06 [main] INFO  Main:38 - Sending message #50
2017-06-20 11:21:06 [main] INFO  Main:38 - Sending message #51
2017-06-20 11:21:06 [main] INFO  Main:38 - Sending message #52
2017-06-20 11:21:06 [main] INFO  Main:38 - Sending message #53
2017-06-20 11:21:06 [main] INFO  Main:38 - Sending message #54
2017-06-20 11:21:06 [main] INFO  Main:38 - Sending message #55
2017-06-20 11:21:06 [main] INFO  Main:38 - Sending message #56
2017-06-20 11:21:06 [main] INFO  Main:38 - Sending message #57
2017-06-20 11:21:06 [main] INFO  Main:38 - Sending message #58
2017-06-20 11:21:06 [main] INFO  Main:38 - Sending message #59
2017-06-20 11:21:06 [main] INFO  Main:38 - Sending message #60
2017-06-20 11:21:06 [main] INFO  Main:38 - Sending message #61
2017-06-20 11:21:06 [main] INFO  Main:38 - Sending message #62
2017-06-20 11:21:06 [main] INFO  Main:38 - Sending message #63
2017-06-20 11:21:06 [main] INFO  Main:38 - Sending message #64
2017-06-20 11:21:06 [main] INFO  Main:38 - Sending message #65
2017-06-20 11:21:06 [main] INFO  Main:38 - Sending message #66
2017-06-20 11:21:06 [main] INFO  Main:38 - Sending message #67
2017-06-20 11:21:06 [main] INFO  Main:38 - Sending message #68
2017-06-20 11:21:06 [main] INFO  Main:38 - Sending message #69
2017-06-20 11:21:06 [main] INFO  Main:38 - Sending message #70
2017-06-20 11:21:06 [main] INFO  Main:38 - Sending message #71
2017-06-20 11:21:06 [main] INFO  Main:38 - Sending message #72
2017-06-20 11:21:06 [main] INFO  Main:38 - Sending message #73
2017-06-20 11:21:06 [main] INFO  Main:38 - Sending message #74
2017-06-20 11:21:06 [main] INFO  Main:38 - Sending message #75
2017-06-20 11:21:06 [main] INFO  Main:38 - Sending message #76
2017-06-20 11:21:06 [main] INFO  Main:38 - Sending message #77
2017-06-20 11:21:06 [main] INFO  Main:38 - Sending message #78
2017-06-20 11:21:06 [main] INFO  Main:38 - Sending message #79
2017-06-20 11:21:06 [main] INFO  Main:38 - Sending message #80
2017-06-20 11:21:06 [main] INFO  Main:38 - Sending message #81
2017-06-20 11:21:06 [main] INFO  Main:38 - Sending message #82
2017-06-20 11:21:06 [main] INFO  Main:38 - Sending message #83
2017-06-20 11:21:06 [main] INFO  Main:38 - Sending message #84
2017-06-20 11:21:06 [main] INFO  Main:38 - Sending message #85
2017-06-20 11:21:06 [main] INFO  Main:38 - Sending message #86
2017-06-20 11:21:06 [main] INFO  Main:38 - Sending message #87
2017-06-20 11:21:06 [main] INFO  Main:38 - Sending message #88
2017-06-20 11:21:06 [main] INFO  Main:38 - Sending message #89
2017-06-20 11:21:06 [main] INFO  Main:38 - Sending message #90
2017-06-20 11:21:06 [main] INFO  Main:38 - Sending message #91
2017-06-20 11:21:06 [main] INFO  Main:38 - Sending message #92
2017-06-20 11:21:06 [main] INFO  Main:38 - Sending message #93
2017-06-20 11:21:06 [main] INFO  Main:38 - Sending message #94
2017-06-20 11:21:06 [main] INFO  Main:38 - Sending message #95
2017-06-20 11:21:06 [main] INFO  Main:38 - Sending message #96
2017-06-20 11:21:06 [main] INFO  Main:38 - Sending message #97
2017-06-20 11:21:06 [main] INFO  Main:38 - Sending message #98
2017-06-20 11:21:06 [main] INFO  Main:38 - Sending message #99
2017-06-20 11:21:06 [main] INFO  KafkaProducer:689 - Closing the Kafka producer with timeoutMillis = 9223372036854775807 ms.
2017-06-20 11:21:06 [main] INFO  Main:44 - With Callback
2017-06-20 11:21:06 [main] INFO  ProducerConfig:180 - ProducerConfig values: 
	acks = 0
	batch.size = 16384
	block.on.buffer.full = false
	bootstrap.servers = [localhost:9092]
	buffer.memory = 33554432
	client.id = 
	compression.type = none
	connections.max.idle.ms = 540000
	interceptor.classes = null
	key.serializer = class org.apache.kafka.common.serialization.StringSerializer
	linger.ms = 1
	max.block.ms = 60000
	max.in.flight.requests.per.connection = 5
	max.request.size = 1048576
	metadata.fetch.timeout.ms = 60000
	metadata.max.age.ms = 300000
	metric.reporters = []
	metrics.num.samples = 2
	metrics.sample.window.ms = 30000
	partitioner.class = class org.apache.kafka.clients.producer.internals.DefaultPartitioner
	receive.buffer.bytes = 32768
	reconnect.backoff.ms = 50
	request.timeout.ms = 30000
	retries = 0
	retry.backoff.ms = 100
	sasl.jaas.config = null
	sasl.kerberos.kinit.cmd = /usr/bin/kinit
	sasl.kerberos.min.time.before.relogin = 60000
	sasl.kerberos.service.name = null
	sasl.kerberos.ticket.renew.jitter = 0.05
	sasl.kerberos.ticket.renew.window.factor = 0.8
	sasl.mechanism = GSSAPI
	security.protocol = PLAINTEXT
	send.buffer.bytes = 131072
	ssl.cipher.suites = null
	ssl.enabled.protocols = [TLSv1.2, TLSv1.1, TLSv1]
	ssl.endpoint.identification.algorithm = null
	ssl.key.password = null
	ssl.keymanager.algorithm = SunX509
	ssl.keystore.location = null
	ssl.keystore.password = null
	ssl.keystore.type = JKS
	ssl.protocol = TLS
	ssl.provider = null
	ssl.secure.random.implementation = null
	ssl.trustmanager.algorithm = PKIX
	ssl.truststore.location = null
	ssl.truststore.password = null
	ssl.truststore.type = JKS
	timeout.ms = 30000
	value.serializer = class org.apache.kafka.common.serialization.StringSerializer

2017-06-20 11:21:06 [main] INFO  AppInfoParser:83 - Kafka version : 0.10.2.1
2017-06-20 11:21:06 [main] INFO  AppInfoParser:84 - Kafka commitId : e89bffd6b2eff799
2017-06-20 11:21:06 [kafka-producer-network-thread | producer-2] INFO  Main:55 - test-10
2017-06-20 11:21:06 [kafka-producer-network-thread | producer-2] INFO  Main:55 - test-10
2017-06-20 11:21:06 [kafka-producer-network-thread | producer-2] INFO  Main:55 - test-10
2017-06-20 11:21:06 [kafka-producer-network-thread | producer-2] INFO  Main:55 - test-10
2017-06-20 11:21:06 [kafka-producer-network-thread | producer-2] INFO  Main:55 - test-10
2017-06-20 11:21:06 [kafka-producer-network-thread | producer-2] INFO  Main:55 - test-10
2017-06-20 11:21:06 [kafka-producer-network-thread | producer-2] INFO  Main:55 - test-10
2017-06-20 11:21:06 [kafka-producer-network-thread | producer-2] INFO  Main:55 - test-10
2017-06-20 11:21:06 [kafka-producer-network-thread | producer-2] INFO  Main:55 - test-10
2017-06-20 11:21:06 [kafka-producer-network-thread | producer-2] INFO  Main:55 - test-10
2017-06-20 11:21:06 [kafka-producer-network-thread | producer-2] INFO  Main:55 - test-10
2017-06-20 11:21:06 [kafka-producer-network-thread | producer-2] INFO  Main:55 - test-10
2017-06-20 11:21:06 [kafka-producer-network-thread | producer-2] INFO  Main:55 - test-10
2017-06-20 11:21:06 [kafka-producer-network-thread | producer-2] INFO  Main:55 - test-10
2017-06-20 11:21:06 [kafka-producer-network-thread | producer-2] INFO  Main:55 - test-10
2017-06-20 11:21:06 [kafka-producer-network-thread | producer-2] INFO  Main:55 - test-10
2017-06-20 11:21:06 [kafka-producer-network-thread | producer-2] INFO  Main:55 - test-10
2017-06-20 11:21:06 [kafka-producer-network-thread | producer-2] INFO  Main:55 - test-10
2017-06-20 11:21:06 [kafka-producer-network-thread | producer-2] INFO  Main:55 - test-10
2017-06-20 11:21:06 [kafka-producer-network-thread | producer-2] INFO  Main:55 - test-10
2017-06-20 11:21:06 [kafka-producer-network-thread | producer-2] INFO  Main:55 - test-10
2017-06-20 11:21:06 [kafka-producer-network-thread | producer-2] INFO  Main:55 - test-10
2017-06-20 11:21:06 [kafka-producer-network-thread | producer-2] INFO  Main:55 - test-10
2017-06-20 11:21:06 [kafka-producer-network-thread | producer-2] INFO  Main:55 - test-10
2017-06-20 11:21:06 [kafka-producer-network-thread | producer-2] INFO  Main:55 - test-10
2017-06-20 11:21:06 [kafka-producer-network-thread | producer-2] INFO  Main:55 - test-10
2017-06-20 11:21:06 [kafka-producer-network-thread | producer-2] INFO  Main:55 - test-10
2017-06-20 11:21:06 [kafka-producer-network-thread | producer-2] INFO  Main:55 - test-10
2017-06-20 11:21:06 [kafka-producer-network-thread | producer-2] INFO  Main:55 - test-10
2017-06-20 11:21:06 [kafka-producer-network-thread | producer-2] INFO  Main:55 - test-10
2017-06-20 11:21:06 [kafka-producer-network-thread | producer-2] INFO  Main:55 - test-10
2017-06-20 11:21:06 [kafka-producer-network-thread | producer-2] INFO  Main:55 - test-10
2017-06-20 11:21:06 [kafka-producer-network-thread | producer-2] INFO  Main:55 - test-10
2017-06-20 11:21:06 [kafka-producer-network-thread | producer-2] INFO  Main:55 - test-10
2017-06-20 11:21:06 [kafka-producer-network-thread | producer-2] INFO  Main:55 - test-10
2017-06-20 11:21:06 [kafka-producer-network-thread | producer-2] INFO  Main:55 - test-10
2017-06-20 11:21:06 [kafka-producer-network-thread | producer-2] INFO  Main:55 - test-10
2017-06-20 11:21:06 [kafka-producer-network-thread | producer-2] INFO  Main:55 - test-10
2017-06-20 11:21:06 [kafka-producer-network-thread | producer-2] INFO  Main:55 - test-10
2017-06-20 11:21:06 [main] INFO  KafkaProducer:689 - Closing the Kafka producer with timeoutMillis = 9223372036854775807 ms.
2017-06-20 11:21:06 [kafka-producer-network-thread | producer-2] INFO  Main:55 - test-10
2017-06-20 11:21:06 [kafka-producer-network-thread | producer-2] INFO  Main:55 - test-10
2017-06-20 11:21:06 [kafka-producer-network-thread | producer-2] INFO  Main:55 - test-10
2017-06-20 11:21:06 [kafka-producer-network-thread | producer-2] INFO  Main:55 - test-10
2017-06-20 11:21:06 [kafka-producer-network-thread | producer-2] INFO  Main:55 - test-10
2017-06-20 11:21:06 [kafka-producer-network-thread | producer-2] INFO  Main:55 - test-10
2017-06-20 11:21:06 [kafka-producer-network-thread | producer-2] INFO  Main:55 - test-10
2017-06-20 11:21:06 [kafka-producer-network-thread | producer-2] INFO  Main:55 - test-10
2017-06-20 11:21:06 [kafka-producer-network-thread | producer-2] INFO  Main:55 - test-10
2017-06-20 11:21:06 [kafka-producer-network-thread | producer-2] INFO  Main:55 - test-10
2017-06-20 11:21:06 [kafka-producer-network-thread | producer-2] INFO  Main:55 - test-10
2017-06-20 11:21:06 [kafka-producer-network-thread | producer-2] INFO  Main:55 - test-10
2017-06-20 11:21:06 [kafka-producer-network-thread | producer-2] INFO  Main:55 - test-10
2017-06-20 11:21:06 [kafka-producer-network-thread | producer-2] INFO  Main:55 - test-10
2017-06-20 11:21:06 [kafka-producer-network-thread | producer-2] INFO  Main:55 - test-10
2017-06-20 11:21:06 [kafka-producer-network-thread | producer-2] INFO  Main:55 - test-10
2017-06-20 11:21:06 [kafka-producer-network-thread | producer-2] INFO  Main:55 - test-10
2017-06-20 11:21:06 [kafka-producer-network-thread | producer-2] INFO  Main:55 - test-10
2017-06-20 11:21:06 [kafka-producer-network-thread | producer-2] INFO  Main:55 - test-10
2017-06-20 11:21:06 [kafka-producer-network-thread | producer-2] INFO  Main:55 - test-10
2017-06-20 11:21:06 [kafka-producer-network-thread | producer-2] INFO  Main:55 - test-10
2017-06-20 11:21:06 [kafka-producer-network-thread | producer-2] INFO  Main:55 - test-10
2017-06-20 11:21:06 [kafka-producer-network-thread | producer-2] INFO  Main:55 - test-10
2017-06-20 11:21:06 [kafka-producer-network-thread | producer-2] INFO  Main:55 - test-10
2017-06-20 11:21:06 [kafka-producer-network-thread | producer-2] INFO  Main:55 - test-10
2017-06-20 11:21:06 [kafka-producer-network-thread | producer-2] INFO  Main:55 - test-10
2017-06-20 11:21:06 [kafka-producer-network-thread | producer-2] INFO  Main:55 - test-10
2017-06-20 11:21:06 [kafka-producer-network-thread | producer-2] INFO  Main:55 - test-10
2017-06-20 11:21:06 [kafka-producer-network-thread | producer-2] INFO  Main:55 - test-10
2017-06-20 11:21:06 [kafka-producer-network-thread | producer-2] INFO  Main:55 - test-10
2017-06-20 11:21:06 [kafka-producer-network-thread | producer-2] INFO  Main:55 - test-10
2017-06-20 11:21:06 [kafka-producer-network-thread | producer-2] INFO  Main:55 - test-10
2017-06-20 11:21:06 [kafka-producer-network-thread | producer-2] INFO  Main:55 - test-10
2017-06-20 11:21:06 [kafka-producer-network-thread | producer-2] INFO  Main:55 - test-10
2017-06-20 11:21:06 [kafka-producer-network-thread | producer-2] INFO  Main:55 - test-10
2017-06-20 11:21:06 [kafka-producer-network-thread | producer-2] INFO  Main:55 - test-10
2017-06-20 11:21:06 [kafka-producer-network-thread | producer-2] INFO  Main:55 - test-10
2017-06-20 11:21:06 [kafka-producer-network-thread | producer-2] INFO  Main:55 - test-10
2017-06-20 11:21:06 [kafka-producer-network-thread | producer-2] INFO  Main:55 - test-10
2017-06-20 11:21:06 [kafka-producer-network-thread | producer-2] INFO  Main:55 - test-10
2017-06-20 11:21:06 [kafka-producer-network-thread | producer-2] INFO  Main:55 - test-10
2017-06-20 11:21:06 [kafka-producer-network-thread | producer-2] INFO  Main:55 - test-10
2017-06-20 11:21:06 [kafka-producer-network-thread | producer-2] INFO  Main:55 - test-10
2017-06-20 11:21:06 [kafka-producer-network-thread | producer-2] INFO  Main:55 - test-10
2017-06-20 11:21:06 [kafka-producer-network-thread | producer-2] INFO  Main:55 - test-10
2017-06-20 11:21:06 [kafka-producer-network-thread | producer-2] INFO  Main:55 - test-10
2017-06-20 11:21:06 [kafka-producer-network-thread | producer-2] INFO  Main:55 - test-10
2017-06-20 11:21:06 [kafka-producer-network-thread | producer-2] INFO  Main:55 - test-10
2017-06-20 11:21:06 [kafka-producer-network-thread | producer-2] INFO  Main:55 - test-10
2017-06-20 11:21:06 [kafka-producer-network-thread | producer-2] INFO  Main:55 - test-10
2017-06-20 11:21:06 [kafka-producer-network-thread | producer-2] INFO  Main:55 - test-10
2017-06-20 11:21:06 [kafka-producer-network-thread | producer-2] INFO  Main:55 - test-10
2017-06-20 11:21:06 [kafka-producer-network-thread | producer-2] INFO  Main:55 - test-10
2017-06-20 11:21:06 [kafka-producer-network-thread | producer-2] INFO  Main:55 - test-10
2017-06-20 11:21:06 [kafka-producer-network-thread | producer-2] INFO  Main:55 - test-10
2017-06-20 11:21:06 [kafka-producer-network-thread | producer-2] INFO  Main:55 - test-10
2017-06-20 11:21:06 [kafka-producer-network-thread | producer-2] INFO  Main:55 - test-10
2017-06-20 11:21:06 [kafka-producer-network-thread | producer-2] INFO  Main:55 - test-10
2017-06-20 11:21:06 [kafka-producer-network-thread | producer-2] INFO  Main:55 - test-10
2017-06-20 11:21:06 [kafka-producer-network-thread | producer-2] INFO  Main:55 - test-10
